{"date":"18/12/2022 12:05:32 a. m.", "logger":"com.mornaeldernar.api.ApiApplication", "level":"INFO ","message":"Starting ApiApplication using Java 18.0.2.1 with PID 29324 (D:\HSBC\Java Backend\circulo de estudio\api\target\classes started by RafaelJimenezOrozco in D:\HSBC\Java Backend\circulo de estudio\api)"},
{"date":"18/12/2022 12:05:32 a. m.", "logger":"com.mornaeldernar.api.ApiApplication", "level":"INFO ","message":"No active profile set, falling back to 1 default profile: "default""},
{"date":"18/12/2022 12:05:33 a. m.", "logger":"org.springframework.data.repository.config.RepositoryConfigurationDelegate", "level":"INFO ","message":"Bootstrapping Spring Data JPA repositories in DEFAULT mode."},
{"date":"18/12/2022 12:05:33 a. m.", "logger":"org.springframework.data.repository.config.RepositoryConfigurationDelegate", "level":"INFO ","message":"Finished Spring Data repository scanning in 60 ms. Found 5 JPA repository interfaces."},
{"date":"18/12/2022 12:05:33 a. m.", "logger":"org.springframework.boot.web.embedded.tomcat.TomcatWebServer", "level":"INFO ","message":"Tomcat initialized with port(s): 8080 (http)"},
{"date":"18/12/2022 12:05:33 a. m.", "logger":"org.apache.catalina.core.StandardService", "level":"INFO ","message":"Starting service [Tomcat]"},
{"date":"18/12/2022 12:05:33 a. m.", "logger":"org.apache.catalina.core.StandardEngine", "level":"INFO ","message":"Starting Servlet engine: [Apache Tomcat/10.1.1]"},
{"date":"18/12/2022 12:05:34 a. m.", "logger":"org.apache.catalina.core.ContainerBase.[Tomcat].[localhost].[/]", "level":"INFO ","message":"Initializing Spring embedded WebApplicationContext"},
{"date":"18/12/2022 12:05:34 a. m.", "logger":"org.springframework.boot.web.servlet.context.ServletWebServerApplicationContext", "level":"INFO ","message":"Root WebApplicationContext: initialization completed in 1253 ms"},
{"date":"18/12/2022 12:05:34 a. m.", "logger":"org.hibernate.jpa.internal.util.LogHelper", "level":"INFO ","message":"HHH000204: Processing PersistenceUnitInfo [name: default]"},
{"date":"18/12/2022 12:05:34 a. m.", "logger":"org.hibernate.Version", "level":"INFO ","message":"HHH000412: Hibernate ORM core version 6.1.5.Final"},
{"date":"18/12/2022 12:05:34 a. m.", "logger":"org.hibernate.orm.deprecation", "level":"WARN ","message":"HHH90000021: Encountered deprecated setting [javax.persistence.sharedCache.mode], use [jakarta.persistence.sharedCache.mode] instead"},
{"date":"18/12/2022 12:05:34 a. m.", "logger":"com.zaxxer.hikari.HikariDataSource", "level":"INFO ","message":"HikariPool-1 - Starting..."},
{"date":"18/12/2022 12:05:35 a. m.", "logger":"com.zaxxer.hikari.pool.HikariPool", "level":"INFO ","message":"HikariPool-1 - Added connection com.mysql.cj.jdbc.ConnectionImpl@314b7945"},
{"date":"18/12/2022 12:05:35 a. m.", "logger":"com.zaxxer.hikari.HikariDataSource", "level":"INFO ","message":"HikariPool-1 - Start completed."},
{"date":"18/12/2022 12:05:35 a. m.", "logger":"SQL dialect", "level":"INFO ","message":"HHH000400: Using dialect: org.hibernate.dialect.MySQLDialect"},
{"date":"18/12/2022 12:05:36 a. m.", "logger":"org.hibernate.engine.transaction.jta.platform.internal.JtaPlatformInitiator", "level":"INFO ","message":"HHH000490: Using JtaPlatform implementation: [org.hibernate.engine.transaction.jta.platform.internal.NoJtaPlatform]"},
{"date":"18/12/2022 12:05:36 a. m.", "logger":"org.springframework.orm.jpa.LocalContainerEntityManagerFactoryBean", "level":"INFO ","message":"Initialized JPA EntityManagerFactory for persistence unit 'default'"},
{"date":"18/12/2022 12:05:36 a. m.", "logger":"org.springframework.boot.autoconfigure.orm.jpa.JpaBaseConfiguration$JpaWebConfiguration", "level":"WARN ","message":"spring.jpa.open-in-view is enabled by default. Therefore, database queries may be performed during view rendering. Explicitly configure spring.jpa.open-in-view to disable this warning"},
{"date":"18/12/2022 12:05:36 a. m.", "logger":"org.springframework.boot.web.embedded.tomcat.TomcatWebServer", "level":"INFO ","message":"Tomcat started on port(s): 8080 (http) with context path ''"},
{"date":"18/12/2022 12:05:36 a. m.", "logger":"com.mornaeldernar.api.ApiApplication", "level":"INFO ","message":"Started ApiApplication in 4.637 seconds (process running for 5.056)"},
{"date":"18/12/2022 12:05:42 a. m.", "logger":"org.apache.catalina.core.ContainerBase.[Tomcat].[localhost].[/]", "level":"INFO ","message":"Initializing Spring DispatcherServlet 'dispatcherServlet'"},
{"date":"18/12/2022 12:05:42 a. m.", "logger":"org.springframework.web.servlet.DispatcherServlet", "level":"INFO ","message":"Initializing Servlet 'dispatcherServlet'"},
{"date":"18/12/2022 12:05:42 a. m.", "logger":"org.springframework.web.servlet.DispatcherServlet", "level":"INFO ","message":"Completed initialization in 0 ms"},
